[2026-03-29T13:54:16.388Z] [BACKEND] App started listening on port 80
[2026-03-29T13:54:16.420Z] [BACKEND] El backend se reiniciará automáticamente en 6 horas para evitar bloqueos.
[2026-03-29T13:54:16.444Z] [BACKEND] App successfully connected to MongoDB!
[2026-03-29T13:54:16.445Z] [XMPP] XMPP and Matchmaker started listening on port 8080
[2026-03-29T13:54:17.129Z] [BOT] Logged in as Leilos#3305!
[2026-03-29T13:54:17.129Z] [BOT] Commands are now managed via the Web Dashboard.
[2026-03-29T13:55:37.998Z] [XMPP] An xmpp client with the displayName [LEILOS] EVO Cris! has logged in.
[2026-03-29T13:55:38.341Z] [DEBUG] Event List: Online.UserCloud.InitComplete
[2026-03-29T13:55:38.341Z] [DEBUG] Event List: GameServiceHotConfigResult
[2026-03-29T13:55:38.341Z] [DEBUG] Event List: Online.TitleFile.InitComplete
[2026-03-29T13:55:38.342Z] [DEBUG] Event List: AutoLogin
[2026-03-29T13:55:38.343Z] [DEBUG] Event List: Social.PartyPrivacyUpdated
[2026-03-29T13:55:38.343Z] [DEBUG] Event List: Core.SubGameSelect
[2026-03-29T13:55:38.343Z] [DEBUG] Event List: Core.GameStateClassNameChanged
[2026-03-29T13:55:38.343Z] [DEBUG] Event List: Social.PartyPrivacyUpdated
[2026-03-29T13:55:38.343Z] [DEBUG] Event List: Core.FriendsList.FriendsListSize
[2026-03-29T13:55:38.343Z] [DEBUG] Event List: MCPError
[2026-03-29T13:55:38.342Z] [DEBUG] Event List: MCPError
[2026-03-29T13:55:38.342Z] [DEBUG] Event List: Social.PartyPrivacyUpdated
[2026-03-29T13:55:38.342Z] [DEBUG] Event List: Social.RestoreParty
[2026-03-29T13:55:38.342Z] [DEBUG] Event List: KWS.Health.UpdateKWSWithCCS
[2026-03-29T13:55:38.341Z] [DEBUG] Event List: QosStats_DatacenterEvent
[2026-03-29T13:55:38.342Z] [DEBUG] Event List: Login.SubscriptionStatus
[2026-03-29T13:55:38.342Z] [DEBUG] Event List: KWS.Health.UpdateKWSWithCCS
[2026-03-29T13:56:01.681Z] [DEBUG] Event List: Online.HttpStats
[2026-03-29T13:56:01.682Z] [DEBUG] Event List: GameServiceHotConfigResult
[2026-03-29T13:56:01.683Z] [DEBUG] Event List: Online.TitleFile.InitComplete
[2026-03-29T13:56:01.684Z] [DEBUG] Event List: DataAssetDirectory.UpdateCheckComplete
[2026-03-29T13:56:01.685Z] [DEBUG] Event List: DataAssetDirectory.DadAssetPatchResult
[2026-03-29T13:56:01.685Z] [DEBUG] Event List: PersistentStorageUsage
[2026-03-29T13:56:01.685Z] [DEBUG] Event List: Pedestal.TimeToPawnLoaded
[2026-03-29T13:56:01.686Z] [DEBUG] Event List: Online.Party.TaskComplete
[2026-03-29T13:56:01.686Z] [DEBUG] Event List: Core.ExperimentSeen
[2026-03-29T13:56:01.686Z] [DEBUG] Event List: Core.ExperimentSeen
[2026-03-29T13:56:01.687Z] [DEBUG] Event List: Core.ExperimentSeen
[2026-03-29T13:56:01.688Z] [DEBUG] Event List: Prm.SentRequest
[2026-03-29T13:56:01.689Z] [DEBUG] Event List: Prm.SentRequest
[2026-03-29T13:56:01.690Z] [DEBUG] Event List: Prm.SentRequest
[2026-03-29T13:56:01.691Z] [DEBUG] Event List: Prm.SentRequest
[2026-03-29T13:56:01.692Z] [DEBUG] Event List: Prm.SentRequest
[2026-03-29T13:56:01.693Z] [DEBUG] Event List: Prm.SentRequest
[2026-03-29T13:56:01.694Z] [DEBUG] Event List: GameClips.AppInstallCheck
[2026-03-29T13:56:01.695Z] [DEBUG] Event List: UI.LoadToLobbyReport
[2026-03-29T13:56:01.696Z] [DEBUG] Event List: Online.Party.TaskComplete
[2026-03-29T13:57:01.667Z] [DEBUG] Event List: PlayerContextLocationPerMinute
[2026-03-29T13:57:01.668Z] [DEBUG] Event List: DataAssetDirectory.UpdateCheckComplete
[2026-03-29T13:57:01.669Z] [DEBUG] Event List: DataAssetDirectory.DadAssetPatchResult
[2026-03-29T13:57:01.669Z] [DEBUG] Event List: Prm.BackendResponse
[2026-03-29T13:57:01.670Z] [DEBUG] Event List: Prm.BackendResponse
[2026-03-29T13:57:01.670Z] [DEBUG] Event List: Prm.BackendResponse
[2026-03-29T13:57:01.670Z] [DEBUG] Event List: Prm.BackendResponse
[2026-03-29T13:57:01.671Z] [DEBUG] Event List: Prm.BackendResponse
[2026-03-29T13:57:01.671Z] [DEBUG] Event List: Prm.BackendResponse
[2026-03-29T13:57:01.672Z] [DEBUG] Event List: Discovery.GetDiscoverySurfaceV2Complete
[2026-03-29T13:57:01.672Z] [DEBUG] Event List: DiscoveryUI.DiscoveryMenuV2.Favorites
[2026-03-29T13:58:01.673Z] [DEBUG] Event List: PlayerContextLocationPerMinute
[2026-03-29T13:59:01.662Z] [DEBUG] Event List: PlayerContextLocationPerMinute
[2026-03-29T14:00:01.673Z] [DEBUG] Event List: PlayerContextLocationPerMinute
[2026-03-29T14:01:01.671Z] [DEBUG] Event List: PlayerContextLocationPerMinute
[2026-03-29T14:02:01.690Z] [DEBUG] Event List: PlayerContextLocationPerMinute
[2026-03-29T14:03:01.655Z] [DEBUG] Event List: PlayerContextLocationPerMinute
[2026-03-29T14:04:01.674Z] [DEBUG] Event List: PlayerContextLocationPerMinute
[2026-03-29T14:05:01.669Z] [DEBUG] Event List: PlayerContextLocationPerMinute
[2026-03-29T14:05:01.670Z] [DEBUG] Event List: DiscoveryUI.DiscoveryMenuV2.DetailsPageExit
[2026-03-29T14:05:01.670Z] [DEBUG] Event List: DiscoveryUI.DiscoveryMenuV2.DetailsPageExit
[2026-03-29T14:05:01.671Z] [DEBUG] Event List: DiscoveryUI.DiscoveryMenuV2.Exited
[2026-03-29T14:06:01.676Z] [DEBUG] Event List: PlayerContextLocationPerMinute
[2026-03-29T14:06:01.676Z] [DEBUG] Event List: Prm.SentRequest
[2026-03-29T14:06:01.677Z] [DEBUG] Event List: Prm.SentRequest
[2026-03-29T14:06:01.677Z] [DEBUG] Event List: Prm.SentRequest
[2026-03-29T14:06:01.678Z] [DEBUG] Event List: Prm.SentRequest
[2026-03-29T14:06:01.678Z] [DEBUG] Event List: Prm.SentRequest
[2026-03-29T14:06:01.678Z] [DEBUG] Event List: Prm.SentRequest
[2026-03-29T14:06:01.679Z] [DEBUG] Event List: Prm.ResponseActioned
[2026-03-29T14:06:01.679Z] [DEBUG] Event List: Prm.BackendResponse
[2026-03-29T14:06:01.680Z] [DEBUG] Event List: Prm.ResponseActioned
[2026-03-29T14:06:01.680Z] [DEBUG] Event List: Prm.BackendResponse
[2026-03-29T14:06:01.680Z] [DEBUG] Event List: Prm.ResponseActioned
[2026-03-29T14:06:01.681Z] [DEBUG] Event List: Prm.BackendResponse
[2026-03-29T14:06:01.682Z] [DEBUG] Event List: Prm.ResponseActioned
[2026-03-29T14:06:01.682Z] [DEBUG] Event List: Prm.BackendResponse
[2026-03-29T14:06:01.684Z] [DEBUG] Event List: Prm.ResponseActioned
[2026-03-29T14:06:01.685Z] [DEBUG] Event List: Prm.BackendResponse
[2026-03-29T14:06:01.688Z] [DEBUG] Event List: Prm.ResponseActioned
[2026-03-29T14:06:01.690Z] [DEBUG] Event List: Prm.BackendResponse
[2026-03-29T14:07:01.687Z] [DEBUG] Event List: PlayerContextLocationPerMinute
[2026-03-29T14:08:01.677Z] [DEBUG] Event List: PlayerContextLocationPerMinute
[2026-03-29T14:09:01.671Z] [DEBUG] Event List: PlayerContextLocationPerMinute
[2026-03-29T14:10:01.664Z] [DEBUG] Event List: PlayerContextLocationPerMinute
[2026-03-29T14:11:01.650Z] [DEBUG] Event List: PlayerContextLocationPerMinute
[2026-03-29T14:11:38.859Z] [BACKEND] App successfully connected to MongoDB!
[2026-03-29T14:11:38.860Z] [BACKEND] App started listening on port 80
[2026-03-29T14:11:38.875Z] [BACKEND] El backend se reiniciará automáticamente en 6 horas para evitar bloqueos.
[2026-03-29T14:11:38.885Z] [XMPP] XMPP and Matchmaker started listening on port 8080
[2026-03-29T14:11:39.352Z] [XMPP] An xmpp client with the displayName [LEILOS] EVO Cris! has logged in.
[2026-03-29T14:11:39.683Z] [BOT] Logged in as Leilos#3305!
[2026-03-29T14:11:39.683Z] [BOT] Commands are now managed via the Web Dashboard.
[2026-03-29T14:11:42.432Z] [XMPP] An xmpp client with the displayName [LEILOS] EVO Cris! has logged out.
[2026-03-29T14:12:47.219Z] [DEBUG] Event List: GameServiceHotConfigResult
[2026-03-29T14:12:47.220Z] [DEBUG] Event List: Online.TitleFile.InitComplete
[2026-03-29T14:12:47.221Z] [DEBUG] Event List: QosStats_DatacenterEvent
[2026-03-29T14:12:47.221Z] [DEBUG] Event List: Online.UserCloud.InitComplete
[2026-03-29T14:12:47.223Z] [DEBUG] Event List: KWS.Health.UpdateKWSWithCCS
[2026-03-29T14:12:47.223Z] [DEBUG] Event List: Login.SubscriptionStatus
[2026-03-29T14:12:47.224Z] [DEBUG] Event List: MCPError
[2026-03-29T14:12:47.224Z] [DEBUG] Event List: Social.RestoreParty
[2026-03-29T14:12:47.225Z] [DEBUG] Event List: Social.PartyPrivacyUpdated
[2026-03-29T14:12:47.226Z] [DEBUG] Event List: AutoLogin
[2026-03-29T14:12:47.227Z] [DEBUG] Event List: Core.SubGameSelect
[2026-03-29T14:12:47.229Z] [DEBUG] Event List: Social.PartyPrivacyUpdated
[2026-03-29T14:12:47.229Z] [DEBUG] Event List: Social.PartyPrivacyUpdated
[2026-03-29T14:12:47.230Z] [DEBUG] Event List: Core.GameStateClassNameChanged
[2026-03-29T14:12:47.515Z] [XMPP] An xmpp client with the displayName [LEILOS] EVO Cris! has logged in.
[2026-03-29T14:13:09.881Z] [DEBUG] Event List: MCPError
[2026-03-29T14:13:09.881Z] [DEBUG] Event List: Online.HttpStats
[2026-03-29T14:13:09.882Z] [DEBUG] Event List: GameServiceHotConfigResult
[2026-03-29T14:13:09.883Z] [DEBUG] Event List: Core.FriendsList.FriendsListSize
[2026-03-29T14:13:09.884Z] [DEBUG] Event List: Online.TitleFile.InitComplete
[2026-03-29T14:13:09.885Z] [DEBUG] Event List: Online.Party.TaskComplete
[2026-03-29T14:13:09.885Z] [DEBUG] Event List: DataAssetDirectory.UpdateCheckComplete
[2026-03-29T14:13:09.886Z] [DEBUG] Event List: DataAssetDirectory.DadAssetPatchResult
[2026-03-29T14:13:09.886Z] [DEBUG] Event List: PersistentStorageUsage
[2026-03-29T14:13:09.886Z] [DEBUG] Event List: Pedestal.TimeToPawnLoaded
[2026-03-29T14:13:09.887Z] [DEBUG] Event List: Core.ExperimentSeen
[2026-03-29T14:13:09.892Z] [DEBUG] Event List: Core.ExperimentSeen
[2026-03-29T14:13:09.894Z] [DEBUG] Event List: Core.ExperimentSeen
[2026-03-29T14:13:09.895Z] [DEBUG] Event List: DataAssetDirectory.UpdateCheckComplete
[2026-03-29T14:13:09.896Z] [DEBUG] Event List: DataAssetDirectory.DadAssetPatchResult
[2026-03-29T14:13:09.896Z] [DEBUG] Event List: Prm.SentRequest
[2026-03-29T14:13:09.897Z] [DEBUG] Event List: Prm.SentRequest
[2026-03-29T14:13:09.897Z] [DEBUG] Event List: Prm.SentRequest
[2026-03-29T14:13:09.897Z] [DEBUG] Event List: Prm.SentRequest
[2026-03-29T14:13:09.901Z] [DEBUG] Event List: Prm.SentRequest
[2026-03-29T14:13:09.902Z] [DEBUG] Event List: Prm.SentRequest
[2026-03-29T14:13:09.902Z] [DEBUG] Event List: GameClips.AppInstallCheck
[2026-03-29T14:13:09.904Z] [DEBUG] Event List: UI.LoadToLobbyReport
[2026-03-29T14:13:09.904Z] [DEBUG] Event List: DiscoveryUI.DiscoveryMenuV2.Exited
[2026-03-29T14:13:42.652Z] [DEBUG] Event List: PlayerContextLocationPerMinute
[2026-03-29T14:13:42.654Z] [DEBUG] Event List: Prm.BackendResponse
[2026-03-29T14:13:42.654Z] [DEBUG] Event List: Prm.BackendResponse
[2026-03-29T14:13:42.655Z] [DEBUG] Event List: Prm.BackendResponse
[2026-03-29T14:13:42.657Z] [DEBUG] Event List: Prm.BackendResponse
[2026-03-29T14:13:42.658Z] [DEBUG] Event List: Prm.BackendResponse
[2026-03-29T14:13:42.658Z] [DEBUG] Event List: Prm.BackendResponse
[2026-03-29T14:13:42.659Z] [DEBUG] Event List: Discovery.GetDiscoverySurfaceV2Complete
[2026-03-29T14:13:42.659Z] [DEBUG] Event List: DiscoveryUI.DiscoveryMenuV2.Favorites
[2026-03-29T14:13:42.660Z] [DEBUG] Event List: DiscoveryUI.DiscoveryMenuV2.DetailsPageExit
[2026-03-29T14:13:42.660Z] [DEBUG] Event List: DiscoveryUI.DiscoveryMenuV2.DetailsPageExit
[2026-03-29T14:13:42.661Z] [DEBUG] Event List: DataAssetDirectory.UpdateCheckComplete
[2026-03-29T14:13:42.661Z] [DEBUG] Event List: DataAssetDirectory.DadAssetPatchResult
[2026-03-29T14:13:42.661Z] [DEBUG] Event List: Discovery.GetDiscoverySurfaceV2Complete
[2026-03-29T14:13:42.662Z] [DEBUG] Event List: DiscoveryUI.DiscoveryMenuV2.Exited
[2026-03-29T14:13:42.662Z] [DEBUG] Event List: GameServiceHotConfigResult
[2026-03-29T14:13:42.663Z] [DEBUG] Event List: Online.TitleFile.InitComplete
[2026-03-29T14:13:42.663Z] [DEBUG] Event List: Client.HotfixAttempt
[2026-03-29T14:13:42.664Z] [DEBUG] Event List: DataAssetDirectory.UpdateCheckComplete
[2026-03-29T14:13:42.665Z] [DEBUG] Event List: DataAssetDirectory.DadAssetPatchResult
[2026-03-29T14:13:42.669Z] [DEBUG] Event List: Athena.MatchmakingClientResult
[2026-03-29T14:13:42.670Z] [DEBUG] Event List: Core.ClientStartMatch
[2026-03-29T14:13:42.671Z] [DEBUG] Event List: Core.ClientEndMatch
[2026-03-29T14:13:42.672Z] [DEBUG] Event List: LogUploadBackendComplete
[2026-03-29T14:13:42.672Z] [DEBUG] Event List: Core.MemoryStats
[2026-03-29T14:13:42.674Z] [DEBUG] Event List: Core.ClientLogout
[2026-03-29T14:13:43.814Z] [DEBUG] Event List: Core.Disconnect
[2026-03-29T14:13:43.815Z] [DEBUG] Event List: Prm.ResponseActioned
[2026-03-29T14:13:43.815Z] [DEBUG] Event List: Prm.ResponseActioned
[2026-03-29T14:13:43.815Z] [DEBUG] Event List: Prm.ResponseActioned
[2026-03-29T14:13:43.816Z] [DEBUG] Event List: Prm.ResponseActioned
[2026-03-29T14:13:43.816Z] [DEBUG] Event List: Prm.ResponseActioned
[2026-03-29T14:13:43.817Z] [DEBUG] Event List: Prm.ResponseActioned
[2026-03-29T14:13:43.818Z] [DEBUG] Event List: SessionEnd
[2026-03-29T14:13:44.705Z] [XMPP] An xmpp client with the displayName [LEILOS] EVO Cris! has logged out.
[2026-03-29T14:33:23.359Z] [BACKEND] App successfully connected to MongoDB!
[2026-03-29T14:33:23.360Z] [BACKEND] App started listening on port 80
[2026-03-29T14:33:23.374Z] [BACKEND] El backend se reiniciará automáticamente en 6 horas para evitar bloqueos.
[2026-03-29T14:33:23.387Z] [XMPP] XMPP and Matchmaker started listening on port 8080
[2026-03-29T14:33:24.069Z] [BOT] Logged in as Leilos#3305!
[2026-03-29T14:33:24.069Z] [BOT] Commands are now managed via the Web Dashboard.
[2026-03-29T14:34:21.155Z] [DEBUG] Event List: GameServiceHotConfigResult
[2026-03-29T14:34:21.156Z] [DEBUG] Event List: Online.TitleFile.InitComplete
[2026-03-29T14:34:21.157Z] [DEBUG] Event List: QosStats_DatacenterEvent
[2026-03-29T14:34:21.158Z] [DEBUG] Event List: Online.UserCloud.InitComplete
[2026-03-29T14:34:21.159Z] [DEBUG] Event List: KWS.Health.UpdateKWSWithCCS
[2026-03-29T14:34:21.159Z] [DEBUG] Event List: Login.SubscriptionStatus
[2026-03-29T14:34:21.160Z] [DEBUG] Event List: MCPError
[2026-03-29T14:34:21.160Z] [DEBUG] Event List: Social.RestoreParty
[2026-03-29T14:34:21.161Z] [DEBUG] Event List: Social.PartyPrivacyUpdated
[2026-03-29T14:34:21.162Z] [DEBUG] Event List: AutoLogin
[2026-03-29T14:34:21.163Z] [DEBUG] Event List: MCPError
[2026-03-29T14:34:21.164Z] [DEBUG] Event List: Core.FriendsList.FriendsListSize
[2026-03-29T14:34:21.164Z] [DEBUG] Event List: Core.SubGameSelect
[2026-03-29T14:34:21.165Z] [DEBUG] Event List: Social.PartyPrivacyUpdated
[2026-03-29T14:34:21.166Z] [DEBUG] Event List: Social.PartyPrivacyUpdated
[2026-03-29T14:34:21.167Z] [DEBUG] Event List: Core.GameStateClassNameChanged
[2026-03-29T14:34:21.476Z] [XMPP] An xmpp client with the displayName [LEILOS] EVO Cris! has logged in.
[2026-03-29T14:34:44.239Z] [DEBUG] Event List: Online.HttpStats
[2026-03-29T14:34:44.241Z] [DEBUG] Event List: GameServiceHotConfigResult
[2026-03-29T14:34:44.242Z] [DEBUG] Event List: Online.TitleFile.InitComplete
[2026-03-29T14:34:44.243Z] [DEBUG] Event List: DataAssetDirectory.UpdateCheckComplete
[2026-03-29T14:34:44.245Z] [DEBUG] Event List: DataAssetDirectory.DadAssetPatchResult
[2026-03-29T14:34:44.246Z] [DEBUG] Event List: PersistentStorageUsage
[2026-03-29T14:34:44.247Z] [DEBUG] Event List: Online.Party.TaskComplete
[2026-03-29T14:34:44.248Z] [DEBUG] Event List: Pedestal.TimeToPawnLoaded
[2026-03-29T14:34:44.250Z] [DEBUG] Event List: Core.ExperimentSeen
[2026-03-29T14:34:44.251Z] [DEBUG] Event List: Core.ExperimentSeen
[2026-03-29T14:34:44.254Z] [DEBUG] Event List: Core.ExperimentSeen
[2026-03-29T14:34:44.260Z] [DEBUG] Event List: DataAssetDirectory.UpdateCheckComplete
[2026-03-29T14:34:44.262Z] [DEBUG] Event List: DataAssetDirectory.DadAssetPatchResult
[2026-03-29T14:34:44.263Z] [DEBUG] Event List: Prm.SentRequest
[2026-03-29T14:34:44.265Z] [DEBUG] Event List: Prm.SentRequest
[2026-03-29T14:34:44.267Z] [DEBUG] Event List: Prm.SentRequest
[2026-03-29T14:34:44.268Z] [DEBUG] Event List: Prm.SentRequest
[2026-03-29T14:34:44.271Z] [DEBUG] Event List: Prm.SentRequest
[2026-03-29T14:34:44.273Z] [DEBUG] Event List: Prm.SentRequest
[2026-03-29T14:34:44.275Z] [DEBUG] Event List: GameClips.AppInstallCheck
[2026-03-29T14:34:44.281Z] [DEBUG] Event List: Prm.BackendResponse
[2026-03-29T14:34:44.282Z] [DEBUG] Event List: Prm.BackendResponse
[2026-03-29T14:34:44.284Z] [DEBUG] Event List: Prm.BackendResponse
[2026-03-29T14:34:44.285Z] [DEBUG] Event List: Discovery.GetDiscoverySurfaceV2Complete
[2026-03-29T14:34:44.286Z] [DEBUG] Event List: DiscoveryUI.DiscoveryMenuV2.Favorites
[2026-03-29T14:34:44.288Z] [DEBUG] Event List: Prm.BackendResponse
[2026-03-29T14:34:44.290Z] [DEBUG] Event List: Prm.BackendResponse
[2026-03-29T14:34:44.291Z] [DEBUG] Event List: Prm.BackendResponse
[2026-03-29T14:34:44.292Z] [DEBUG] Event List: UI.LoadToLobbyReport
[2026-03-29T14:34:44.294Z] [DEBUG] Event List: DiscoveryUI.DiscoveryMenuV2.Exited
[2026-03-29T14:34:44.295Z] [DEBUG] Event List: DiscoveryUI.DiscoveryMenuV2.DetailsPageExit
[2026-03-29T14:34:44.296Z] [DEBUG] Event List: DiscoveryUI.DiscoveryMenuV2.DetailsPageExit
[2026-03-29T14:34:44.298Z] [DEBUG] Event List: DiscoveryUI.DiscoveryMenuV2.Exited
[2026-03-29T14:34:44.299Z] [DEBUG] Event List: DiscoveryUI.DiscoveryMenuV2.Exited
[2026-03-29T14:35:44.246Z] [DEBUG] Event List: PlayerContextLocationPerMinute
[2026-03-29T14:36:44.228Z] [DEBUG] Event List: PlayerContextLocationPerMinute
[2026-03-29T14:36:44.229Z] [DEBUG] Event List: Online.Party.TaskComplete
[2026-03-29T14:37:44.227Z] [DEBUG] Event List: PlayerContextLocationPerMinute
[2026-03-29T14:38:02.501Z] [DEBUG] Event List: PlayerContextLocationPerMinute
[2026-03-29T14:38:02.501Z] [DEBUG] Event List: Core.Disconnect
[2026-03-29T14:38:02.502Z] [DEBUG] Event List: Core.ClientLogout
[2026-03-29T14:38:04.188Z] [DEBUG] Event List: Prm.ResponseActioned
[2026-03-29T14:38:04.188Z] [DEBUG] Event List: Prm.ResponseActioned
[2026-03-29T14:38:04.188Z] [DEBUG] Event List: Prm.ResponseActioned
[2026-03-29T14:38:04.189Z] [DEBUG] Event List: Prm.ResponseActioned
[2026-03-29T14:38:04.189Z] [DEBUG] Event List: Prm.ResponseActioned
[2026-03-29T14:38:04.190Z] [DEBUG] Event List: Prm.ResponseActioned
[2026-03-29T14:38:04.190Z] [DEBUG] Event List: SessionEnd
[2026-03-29T14:38:04.808Z] [XMPP] An xmpp client with the displayName [LEILOS] EVO Cris! has logged out.
[2026-03-29T14:40:01.378Z] [BACKEND] App successfully connected to MongoDB!
[2026-03-29T14:40:01.381Z] [BACKEND] App started listening on port 80
[2026-03-29T14:40:01.404Z] [BACKEND] El backend se reiniciará automáticamente en 6 horas para evitar bloqueos.
[2026-03-29T14:40:01.459Z] [XMPP] XMPP and Matchmaker started listening on port 8080
[2026-03-29T14:40:02.005Z] [BOT] Logged in as Leilos#3305!
[2026-03-29T14:40:02.007Z] [BOT] Commands are now managed via the Web Dashboard.
[2026-03-29T14:41:08.824Z] [XMPP] An xmpp client with the displayName [LEILOS] EVO Cris! has logged in.
[2026-03-29T14:41:22.735Z] [DEBUG] Event List: GameServiceHotConfigResult
[2026-03-29T14:41:22.736Z] [DEBUG] Event List: Online.TitleFile.InitComplete
[2026-03-29T14:41:22.736Z] [DEBUG] Event List: Online.UserCloud.InitComplete
[2026-03-29T14:41:22.737Z] [DEBUG] Event List: QosStats_DatacenterEvent
[2026-03-29T14:41:22.737Z] [DEBUG] Event List: KWS.Health.UpdateKWSWithCCS
[2026-03-29T14:41:22.738Z] [DEBUG] Event List: Login.SubscriptionStatus
[2026-03-29T14:41:22.738Z] [DEBUG] Event List: MCPError
[2026-03-29T14:41:22.739Z] [DEBUG] Event List: Social.RestoreParty
[2026-03-29T14:41:22.739Z] [DEBUG] Event List: MCPError
[2026-03-29T14:41:22.739Z] [DEBUG] Event List: Social.PartyPrivacyUpdated
[2026-03-29T14:41:22.740Z] [DEBUG] Event List: AutoLogin
[2026-03-29T14:41:22.741Z] [DEBUG] Event List: Core.FriendsList.FriendsListSize
[2026-03-29T14:41:22.741Z] [DEBUG] Event List: Core.SubGameSelect
[2026-03-29T14:41:22.741Z] [DEBUG] Event List: Social.PartyPrivacyUpdated
[2026-03-29T14:41:22.742Z] [DEBUG] Event List: Social.PartyPrivacyUpdated
[2026-03-29T14:41:22.742Z] [DEBUG] Event List: Core.GameStateClassNameChanged
[2026-03-29T14:41:31.976Z] [DEBUG] Event List: Online.HttpStats
[2026-03-29T14:41:31.976Z] [DEBUG] Event List: GameServiceHotConfigResult
[2026-03-29T14:41:31.978Z] [DEBUG] Event List: Online.TitleFile.InitComplete
[2026-03-29T14:41:31.978Z] [DEBUG] Event List: DataAssetDirectory.UpdateCheckComplete
[2026-03-29T14:41:31.979Z] [DEBUG] Event List: DataAssetDirectory.DadAssetPatchResult
[2026-03-29T14:41:31.979Z] [DEBUG] Event List: PersistentStorageUsage
[2026-03-29T14:41:31.980Z] [DEBUG] Event List: Pedestal.TimeToPawnLoaded
[2026-03-29T14:41:31.980Z] [DEBUG] Event List: Core.ExperimentSeen
[2026-03-29T14:41:31.981Z] [DEBUG] Event List: Core.ExperimentSeen
[2026-03-29T14:41:31.981Z] [DEBUG] Event List: Core.ExperimentSeen
[2026-03-29T14:41:31.981Z] [DEBUG] Event List: GameClips.AppInstallCheck
[2026-03-29T14:42:31.983Z] [DEBUG] Event List: PlayerContextLocationPerMinute
[2026-03-29T14:42:31.984Z] [DEBUG] Event List: UI.LoadToLobbyReport
[2026-03-29T14:42:31.984Z] [DEBUG] Event List: DataAssetDirectory.UpdateCheckComplete
[2026-03-29T14:42:31.984Z] [DEBUG] Event List: DataAssetDirectory.DadAssetPatchResult
[2026-03-29T14:42:31.984Z] [DEBUG] Event List: Prm.SentRequest
[2026-03-29T14:42:31.985Z] [DEBUG] Event List: Prm.SentRequest
[2026-03-29T14:42:31.986Z] [DEBUG] Event List: Prm.SentRequest
[2026-03-29T14:42:31.987Z] [DEBUG] Event List: Prm.SentRequest
[2026-03-29T14:42:31.988Z] [DEBUG] Event List: Prm.SentRequest
[2026-03-29T14:42:31.988Z] [DEBUG] Event List: Prm.SentRequest
[2026-03-29T14:42:31.989Z] [DEBUG] Event List: Prm.BackendResponse
[2026-03-29T14:42:31.989Z] [DEBUG] Event List: Prm.BackendResponse
[2026-03-29T14:42:31.992Z] [DEBUG] Event List: Prm.BackendResponse
[2026-03-29T14:42:31.993Z] [DEBUG] Event List: Prm.BackendResponse
[2026-03-29T14:42:31.993Z] [DEBUG] Event List: Prm.BackendResponse
[2026-03-29T14:42:31.994Z] [DEBUG] Event List: Prm.BackendResponse
[2026-03-29T14:42:31.994Z] [DEBUG] Event List: Discovery.GetDiscoverySurfaceV2Complete
[2026-03-29T14:42:31.995Z] [DEBUG] Event List: DiscoveryUI.DiscoveryMenuV2.Favorites
[2026-03-29T14:42:31.995Z] [DEBUG] Event List: DiscoveryUI.DiscoveryMenuV2.DetailsPageExit
[2026-03-29T14:42:31.996Z] [DEBUG] Event List: DiscoveryUI.DiscoveryMenuV2.DetailsPageExit
[2026-03-29T14:42:31.998Z] [DEBUG] Event List: DiscoveryUI.DiscoveryMenuV2.Exited
[2026-03-29T14:42:32.000Z] [DEBUG] Event List: DiscoveryUI.DiscoveryMenuV2.Exited
[2026-03-29T14:43:31.980Z] [DEBUG] Event List: PlayerContextLocationPerMinute
[2026-03-29T14:43:31.981Z] [DEBUG] Event List: DiscoveryUI.DiscoveryMenuV2.Exited
[2026-03-29T14:43:31.982Z] [DEBUG] Event List: DiscoveryUI.DiscoveryMenuV2.DetailsPageExit
[2026-03-29T14:43:31.982Z] [DEBUG] Event List: DiscoveryUI.DiscoveryMenuV2.DetailsPageExit
[2026-03-29T14:43:31.984Z] [DEBUG] Event List: DiscoveryUI.DiscoveryMenuV2.Exited
[2026-03-29T14:44:31.945Z] [DEBUG] Event List: PlayerContextLocationPerMinute
[2026-03-29T14:45:31.974Z] [DEBUG] Event List: PlayerContextLocationPerMinute
[2026-03-29T14:46:31.973Z] [DEBUG] Event List: PlayerContextLocationPerMinute
[2026-03-29T14:46:39.541Z] [BACKEND] App successfully connected to MongoDB!
[2026-03-29T14:46:39.542Z] [BACKEND] App started listening on port 80
[2026-03-29T14:46:39.558Z] [BACKEND] El backend se reiniciará automáticamente en 6 horas para evitar bloqueos.
[2026-03-29T14:46:39.583Z] [XMPP] XMPP and Matchmaker started listening on port 8080
[2026-03-29T14:46:40.194Z] [BOT] Logged in as Leilos#3305!
[2026-03-29T14:46:40.195Z] [BOT] Commands are now managed via the Web Dashboard.
[2026-03-29T14:46:40.282Z] [XMPP] An xmpp client with the displayName [LEILOS] EVO Cris! has logged in.
[2026-03-29T14:46:43.888Z] [DEBUG] Event List: PlayerContextLocationPerMinute
[2026-03-29T14:46:43.888Z] [DEBUG] Event List: Core.MemoryStats
[2026-03-29T14:46:43.888Z] [DEBUG] Event List: Core.ClientLogout
[2026-03-29T14:46:43.888Z] [DEBUG] Event List: SocialBlade.Close
[2026-03-29T14:46:45.732Z] [DEBUG] Event List: Core.Disconnect
[2026-03-29T14:46:45.732Z] [DEBUG] Event List: Prm.ResponseActioned
[2026-03-29T14:46:45.733Z] [DEBUG] Event List: Prm.ResponseActioned
[2026-03-29T14:46:45.734Z] [DEBUG] Event List: Prm.ResponseActioned
[2026-03-29T14:46:45.735Z] [DEBUG] Event List: Prm.ResponseActioned
[2026-03-29T14:46:45.735Z] [DEBUG] Event List: Prm.ResponseActioned
[2026-03-29T14:46:45.736Z] [DEBUG] Event List: Prm.ResponseActioned
[2026-03-29T14:46:45.736Z] [DEBUG] Event List: SessionEnd
[2026-03-29T14:46:46.839Z] [XMPP] An xmpp client with the displayName [LEILOS] EVO Cris! has logged out.
[2026-03-29T14:47:47.263Z] [XMPP] An xmpp client with the displayName [LEILOS] EVO Cris! has logged in.
[2026-03-29T14:47:47.684Z] [DEBUG] Event List: GameServiceHotConfigResult
[2026-03-29T14:47:47.685Z] [DEBUG] Event List: Online.TitleFile.InitComplete
[2026-03-29T14:47:47.685Z] [DEBUG] Event List: Online.UserCloud.InitComplete
[2026-03-29T14:47:47.685Z] [DEBUG] Event List: QosStats_DatacenterEvent
[2026-03-29T14:47:47.686Z] [DEBUG] Event List: KWS.Health.UpdateKWSWithCCS
[2026-03-29T14:47:47.686Z] [DEBUG] Event List: Login.SubscriptionStatus
[2026-03-29T14:47:47.687Z] [DEBUG] Event List: MCPError
[2026-03-29T14:47:47.687Z] [DEBUG] Event List: Social.RestoreParty
[2026-03-29T14:47:47.687Z] [DEBUG] Event List: Social.PartyPrivacyUpdated
[2026-03-29T14:47:47.688Z] [DEBUG] Event List: MCPError
[2026-03-29T14:47:47.689Z] [DEBUG] Event List: AutoLogin
[2026-03-29T14:47:47.689Z] [DEBUG] Event List: Core.SubGameSelect
[2026-03-29T14:47:47.689Z] [DEBUG] Event List: Social.PartyPrivacyUpdated
[2026-03-29T14:47:47.690Z] [DEBUG] Event List: Social.PartyPrivacyUpdated
[2026-03-29T14:47:47.691Z] [DEBUG] Event List: Core.GameStateClassNameChanged
[2026-03-29T14:48:09.695Z] [DEBUG] Event List: Core.FriendsList.FriendsListSize
[2026-03-29T14:48:09.695Z] [DEBUG] Event List: Online.HttpStats
[2026-03-29T14:48:09.695Z] [DEBUG] Event List: GameServiceHotConfigResult
[2026-03-29T14:48:09.696Z] [DEBUG] Event List: Online.TitleFile.InitComplete
[2026-03-29T14:48:09.696Z] [DEBUG] Event List: DataAssetDirectory.UpdateCheckComplete
[2026-03-29T14:48:09.697Z] [DEBUG] Event List: DataAssetDirectory.DadAssetPatchResult
[2026-03-29T14:48:09.698Z] [DEBUG] Event List: PersistentStorageUsage
[2026-03-29T14:48:09.698Z] [DEBUG] Event List: Pedestal.TimeToPawnLoaded
[2026-03-29T14:48:09.699Z] [DEBUG] Event List: Core.ExperimentSeen
[2026-03-29T14:48:09.699Z] [DEBUG] Event List: Core.ExperimentSeen
[2026-03-29T14:48:09.699Z] [DEBUG] Event List: Core.ExperimentSeen
[2026-03-29T14:48:09.700Z] [DEBUG] Event List: GameClips.AppInstallCheck
[2026-03-29T14:48:09.700Z] [DEBUG] Event List: DataAssetDirectory.UpdateCheckComplete
[2026-03-29T14:48:09.701Z] [DEBUG] Event List: DataAssetDirectory.DadAssetPatchResult
[2026-03-29T14:48:09.702Z] [DEBUG] Event List: UI.LoadToLobbyReport
[2026-03-29T14:48:09.703Z] [DEBUG] Event List: Prm.SentRequest
[2026-03-29T14:48:09.704Z] [DEBUG] Event List: Prm.SentRequest
[2026-03-29T14:48:09.705Z] [DEBUG] Event List: Prm.SentRequest
[2026-03-29T14:48:09.706Z] [DEBUG] Event List: Prm.SentRequest
[2026-03-29T14:48:09.707Z] [DEBUG] Event List: Prm.SentRequest
[2026-03-29T14:48:09.708Z] [DEBUG] Event List: DiscoveryUI.DiscoveryMenuV2.Exited
[2026-03-29T14:49:09.729Z] [DEBUG] Event List: PlayerContextLocationPerMinute
[2026-03-29T14:49:09.731Z] [DEBUG] Event List: Discovery.GetDiscoverySurfaceV2Complete
[2026-03-29T14:49:09.732Z] [DEBUG] Event List: DiscoveryUI.DiscoveryMenuV2.Favorites
[2026-03-29T14:49:09.735Z] [DEBUG] Event List: DiscoveryUI.DiscoveryMenuV2.Exited
[2026-03-29T14:49:09.736Z] [DEBUG] Event List: DiscoveryUI.DiscoveryMenuV2.DetailsPageExit
[2026-03-29T14:49:09.737Z] [DEBUG] Event List: DiscoveryUI.DiscoveryMenuV2.Confirmed
[2026-03-29T14:49:09.737Z] [DEBUG] Event List: DiscoveryUI.DiscoveryMenuV2.DetailsPageExit
[2026-03-29T14:49:09.738Z] [DEBUG] Event List: DiscoveryUI.DiscoveryMenuV2.Exited
[2026-03-29T14:49:09.739Z] [DEBUG] Event List: Prm.BackendResponse
[2026-03-29T14:49:09.740Z] [DEBUG] Event List: Prm.BackendResponse
[2026-03-29T14:49:09.740Z] [DEBUG] Event List: Prm.SentRequest
[2026-03-29T14:49:09.741Z] [DEBUG] Event List: Prm.BackendResponse
[2026-03-29T14:49:09.741Z] [DEBUG] Event List: Prm.BackendResponse
[2026-03-29T14:49:09.744Z] [DEBUG] Event List: Prm.BackendResponse
[2026-03-29T14:49:09.745Z] [DEBUG] Event List: Prm.BackendResponse
[2026-03-29T14:49:09.746Z] [DEBUG] Event List: GameServiceHotConfigResult
[2026-03-29T14:49:09.747Z] [DEBUG] Event List: Online.TitleFile.InitComplete
[2026-03-29T14:49:09.748Z] [DEBUG] Event List: Client.HotfixAttempt
[2026-03-29T14:49:09.749Z] [DEBUG] Event List: DataAssetDirectory.UpdateCheckComplete
[2026-03-29T14:49:09.750Z] [DEBUG] Event List: DataAssetDirectory.DadAssetPatchResult
[2026-03-29T14:49:09.751Z] [DEBUG] Event List: Athena.MatchmakingClientResult
[2026-03-29T14:49:09.752Z] [DEBUG] Event List: Core.ClientStartMatch
[2026-03-29T14:49:09.753Z] [DEBUG] Event List: Core.ClientEndMatch
[2026-03-29T14:49:09.755Z] [DEBUG] Event List: LogUploadBackendComplete
[2026-03-29T14:49:09.756Z] [DEBUG] Event List: DataAssetDirectory.UpdateCheckComplete
[2026-03-29T14:49:09.759Z] [DEBUG] Event List: DataAssetDirectory.DadAssetPatchResult
[2026-03-29T14:49:09.761Z] [DEBUG] Event List: Discovery.GetDiscoverySurfaceV2Complete
[2026-03-29T14:49:09.762Z] [DEBUG] Event List: Discovery.GetDiscoverySurfaceV2Complete
[2026-03-29T14:49:12.670Z] [BACKEND] App started listening on port 80
[2026-03-29T14:49:12.682Z] [BACKEND] El backend se reiniciará automáticamente en 6 horas para evitar bloqueos.
[2026-03-29T14:49:12.703Z] [BACKEND] App successfully connected to MongoDB!
[2026-03-29T14:49:12.705Z] [XMPP] XMPP and Matchmaker started listening on port 8080
[2026-03-29T14:49:13.315Z] [BOT] Logged in as Leilos#3305!
[2026-03-29T14:49:13.316Z] [BOT] Commands are now managed via the Web Dashboard.
[2026-03-29T14:49:13.484Z] [XMPP] An xmpp client with the displayName [LEILOS] EVO Cris! has logged in.
[2026-03-29T14:49:22.028Z] [DEBUG] Event List: PlayerContextLocationPerMinute
[2026-03-29T14:49:22.028Z] [DEBUG] Event List: Core.MemoryStats
[2026-03-29T14:49:22.029Z] [DEBUG] Event List: Core.ClientLogout
[2026-03-29T14:49:23.643Z] [DEBUG] Event List: Core.Disconnect
[2026-03-29T14:49:23.643Z] [DEBUG] Event List: Prm.ResponseActioned
[2026-03-29T14:49:23.644Z] [DEBUG] Event List: Prm.ResponseActioned
[2026-03-29T14:49:23.644Z] [DEBUG] Event List: Prm.ResponseActioned
[2026-03-29T14:49:23.645Z] [DEBUG] Event List: Prm.ResponseActioned
[2026-03-29T14:49:23.645Z] [DEBUG] Event List: Prm.ResponseActioned
[2026-03-29T14:49:23.646Z] [DEBUG] Event List: Prm.ResponseActioned
[2026-03-29T14:49:23.646Z] [DEBUG] Event List: SessionEnd
[2026-03-29T14:49:24.849Z] [XMPP] An xmpp client with the displayName [LEILOS] EVO Cris! has logged out.
[2026-03-29T14:50:20.133Z] [XMPP] An xmpp client with the displayName [LEILOS] EVO Cris! has logged in.
[2026-03-29T14:51:12.701Z] [DEBUG] Event List: Online.HttpStats
[2026-03-29T14:51:12.702Z] [DEBUG] Event List: Pedestal.TimeToPawnLoaded
[2026-03-29T14:51:12.702Z] [DEBUG] Event List: DataAssetDirectory.UpdateCheckComplete
[2026-03-29T14:51:12.702Z] [DEBUG] Event List: PersistentStorageUsage
[2026-03-29T14:51:12.703Z] [DEBUG] Event List: DataAssetDirectory.DadAssetPatchResult
[2026-03-29T14:51:12.703Z] [DEBUG] Event List: Core.ExperimentSeen
[2026-03-29T14:51:12.704Z] [DEBUG] Event List: Core.ExperimentSeen
[2026-03-29T14:51:12.704Z] [DEBUG] Event List: Core.ExperimentSeen
[2026-03-29T14:51:12.705Z] [DEBUG] Event List: DataAssetDirectory.UpdateCheckComplete
[2026-03-29T14:51:12.705Z] [DEBUG] Event List: DataAssetDirectory.DadAssetPatchResult
[2026-03-29T14:51:12.706Z] [DEBUG] Event List: Discovery.GetDiscoverySurfaceV2Complete
[2026-03-29T14:51:12.706Z] [DEBUG] Event List: DiscoveryUI.DiscoveryMenuV2.Favorites
[2026-03-29T14:51:12.707Z] [DEBUG] Event List: GameClips.AppInstallCheck
[2026-03-29T14:51:12.707Z] [DEBUG] Event List: UI.LoadToLobbyReport
[2026-03-29T14:52:12.721Z] [DEBUG] Event List: PlayerContextLocationPerMinute
[2026-03-29T14:52:12.722Z] [DEBUG] Event List: Prm.SentRequest
[2026-03-29T14:52:12.722Z] [DEBUG] Event List: Prm.SentRequest
[2026-03-29T14:52:12.722Z] [DEBUG] Event List: Prm.SentRequest
[2026-03-29T14:52:12.722Z] [DEBUG] Event List: Prm.SentRequest
[2026-03-29T14:52:12.723Z] [DEBUG] Event List: Prm.SentRequest
[2026-03-29T14:52:12.723Z] [DEBUG] Event List: Prm.SentRequest
[2026-03-29T14:52:12.724Z] [DEBUG] Event List: Prm.BackendResponse
[2026-03-29T14:52:12.725Z] [DEBUG] Event List: Prm.BackendResponse
[2026-03-29T14:52:12.725Z] [DEBUG] Event List: Prm.BackendResponse
[2026-03-29T14:52:12.726Z] [DEBUG] Event List: Prm.BackendResponse
[2026-03-29T14:52:12.726Z] [DEBUG] Event List: Prm.BackendResponse
[2026-03-29T14:52:12.727Z] [DEBUG] Event List: Prm.BackendResponse
[2026-03-29T14:52:12.727Z] [DEBUG] Event List: DiscoveryUI.DiscoveryMenuV2.Exited
[2026-03-29T14:52:12.727Z] [DEBUG] Event List: DiscoveryUI.DiscoveryMenuV2.Exited
[2026-03-29T14:52:12.728Z] [DEBUG] Event List: DiscoveryUI.DiscoveryMenuV2.DetailsPageExit
[2026-03-29T14:52:12.729Z] [DEBUG] Event List: DiscoveryUI.DiscoveryMenuV2.DetailsPageExit
[2026-03-29T14:52:12.730Z] [DEBUG] Event List: DiscoveryUI.DiscoveryMenuV2.Exited
[2026-03-29T14:53:12.700Z] [DEBUG] Event List: PlayerContextLocationPerMinute
[2026-03-29T14:53:12.702Z] [DEBUG] Event List: DiscoveryUI.DiscoveryMenuV2.DetailsPageExit
[2026-03-29T14:53:12.701Z] [DEBUG] Event List: DiscoveryUI.DiscoveryMenuV2.DetailsPageExit
[2026-03-29T14:53:12.702Z] [DEBUG] Event List: DiscoveryUI.DiscoveryMenuV2.Exited
[2026-03-29T14:53:12.702Z] [DEBUG] Event List: DataAssetDirectory.UpdateCheckComplete
[2026-03-29T14:53:12.703Z] [DEBUG] Event List: DataAssetDirectory.DadAssetPatchResult
[2026-03-29T14:53:12.703Z] [DEBUG] Event List: Discovery.GetDiscoverySurfaceV2Complete
[2026-03-29T14:53:12.705Z] [DEBUG] Event List: DiscoveryUI.DiscoveryMenuV2.DetailsPageExit
[2026-03-29T14:53:12.705Z] [DEBUG] Event List: DiscoveryUI.DiscoveryMenuV2.Confirmed
[2026-03-29T14:53:12.705Z] [DEBUG] Event List: DiscoveryUI.DiscoveryMenuV2.DetailsPageExit
[2026-03-29T14:53:12.705Z] [DEBUG] Event List: DiscoveryUI.DiscoveryMenuV2.Exited
[2026-03-29T14:53:12.706Z] [DEBUG] Event List: DiscoveryUI.DiscoveryMenuV2.Exited
[2026-03-29T14:53:12.706Z] [DEBUG] Event List: DiscoveryUI.DiscoveryMenuV2.DetailsPageExit
[2026-03-29T14:53:12.706Z] [DEBUG] Event List: DiscoveryUI.DiscoveryMenuV2.Confirmed
[2026-03-29T14:53:12.707Z] [DEBUG] Event List: DiscoveryUI.DiscoveryMenuV2.DetailsPageExit
[2026-03-29T14:53:12.707Z] [DEBUG] Event List: GameServiceHotConfigResult
[2026-03-29T14:53:12.707Z] [DEBUG] Event List: Online.TitleFile.InitComplete
[2026-03-29T14:53:12.707Z] [DEBUG] Event List: Client.HotfixAttempt
[2026-03-29T14:53:12.708Z] [DEBUG] Event List: DiscoveryUI.DiscoveryMenuV2.Exited
[2026-03-29T14:53:55.699Z] [XMPP] An xmpp client with the displayName EU-Mad has logged in.
[2026-03-29T14:53:56.979Z] [DEBUG] Event List: QosStats_DatacenterEvent
[2026-03-29T14:53:56.985Z] [DEBUG] Event List: Online.UserCloud.InitComplete
[2026-03-29T14:53:56.986Z] [DEBUG] Event List: KWS.Health.UpdateKWSWithCCS
[2026-03-29T14:53:56.987Z] [DEBUG] Event List: KWS.Health.UpdateKWSWithCCS
[2026-03-29T14:53:56.988Z] [DEBUG] Event List: Login.SubscriptionStatus
[2026-03-29T14:53:56.991Z] [DEBUG] Event List: MCPError
[2026-03-29T14:53:57.010Z] [DEBUG] Event List: Social.RestoreParty
[2026-03-29T14:53:57.061Z] [DEBUG] Event List: Social.PartyPrivacyUpdated
[2026-03-29T14:53:57.078Z] [DEBUG] Event List: MCPError
[2026-03-29T14:53:57.178Z] [DEBUG] Event List: AutoLogin
[2026-03-29T14:53:57.192Z] [DEBUG] Event List: Core.SubGameSelect
[2026-03-29T14:53:57.199Z] [DEBUG] Event List: Social.PartyPrivacyUpdated
[2026-03-29T14:53:57.200Z] [DEBUG] Event List: Social.PartyPrivacyUpdated
[2026-03-29T14:53:57.200Z] [DEBUG] Event List: Core.GameStateClassNameChanged
[2026-03-29T14:54:12.708Z] [DEBUG] Event List: PlayerContextLocationPerMinute
[2026-03-29T14:54:12.710Z] [DEBUG] Event List: GameServiceHotConfigResult
[2026-03-29T14:54:12.710Z] [DEBUG] Event List: Online.TitleFile.InitComplete
[2026-03-29T14:54:12.710Z] [DEBUG] Event List: Client.HotfixAttempt
[2026-03-29T14:54:16.201Z] [XMPP] An xmpp client with the displayName EU-Mad has logged out.
[2026-03-29T14:54:44.615Z] [DEBUG] Event List: Core.SettingsSnapshotV2
[2026-03-29T14:54:44.629Z] [DEBUG] Event List: GameServiceHotConfigResult
[2026-03-29T14:54:44.630Z] [DEBUG] Event List: Online.TitleFile.InitComplete
[2026-03-29T14:54:44.630Z] [DEBUG] Event List: DataAssetDirectory.UpdateCheckComplete
[2026-03-29T14:54:50.343Z] [XMPP] An xmpp client with the displayName EU-Mad has logged in.
[2026-03-29T14:54:59.096Z] [DEBUG] Event List: PlayerContextLocationPerMinute
[2026-03-29T14:54:59.097Z] [DEBUG] Event List: DiscoveryUI.DiscoveryMenuV2.DetailsPageExit
[2026-03-29T14:54:59.097Z] [DEBUG] Event List: DiscoveryUI.DiscoveryMenuV2.DetailsPageExit
[2026-03-29T14:54:59.098Z] [DEBUG] Event List: DiscoveryUI.DiscoveryMenuV2.Exited
[2026-03-29T14:54:59.098Z] [DEBUG] Event List: SocialBlade.Close
[2026-03-29T14:54:59.099Z] [DEBUG] Event List: Core.Disconnect
[2026-03-29T14:54:59.099Z] [DEBUG] Event List: Core.ClientLogout
[2026-03-29T14:55:12.699Z] [DEBUG] Event List: Prm.ResponseActioned
[2026-03-29T14:55:12.701Z] [DEBUG] Event List: Prm.ResponseActioned
[2026-03-29T14:55:12.702Z] [DEBUG] Event List: Prm.ResponseActioned
[2026-03-29T14:55:12.703Z] [DEBUG] Event List: Prm.ResponseActioned
[2026-03-29T14:55:12.703Z] [DEBUG] Event List: Prm.ResponseActioned
[2026-03-29T14:55:12.703Z] [DEBUG] Event List: Prm.ResponseActioned
[2026-03-29T14:55:12.704Z] [DEBUG] Event List: VideoCDNMetrics
[2026-03-29T14:55:39.097Z] [DEBUG] Event List: DataAssetDirectory.DadAssetPatchResult
[2026-03-29T14:56:12.712Z] [DEBUG] Event List: Athena.ClientUnexpectedSynchronousLoad
[2026-03-29T14:56:12.713Z] [DEBUG] Event List: PlayerContextLocationPerMinute
[2026-03-29T14:56:12.713Z] [DEBUG] Event List: Electra.PerMinuteMetrics
[2026-03-29T14:56:12.713Z] [DEBUG] Event List: Core.EndGamePhase_ClientMetrics
[2026-03-29T14:56:12.714Z] [DEBUG] Event List: Core.EndGamePhase_ClientMetrics
[2026-03-29T14:56:12.714Z] [DEBUG] Event List: VideoCDNMetrics
[2026-03-29T14:56:12.715Z] [DEBUG] Event List: VideoCDNMetrics
[2026-03-29T14:56:12.715Z] [DEBUG] Event List: VideoCDNMetrics
[2026-03-29T14:56:12.715Z] [DEBUG] Event List: FortClientSettingsRecord.SaveRequested
[2026-03-29T14:56:12.716Z] [DEBUG] Event List: SocialBlade.Close
[2026-03-29T14:57:12.723Z] [DEBUG] Event List: Athena.ClientUnexpectedSynchronousLoad
[2026-03-29T14:57:12.724Z] [DEBUG] Event List: PlayerContextLocationPerMinute
[2026-03-29T14:57:12.724Z] [DEBUG] Event List: Core.SettingsChanged
[2026-03-29T14:57:12.725Z] [DEBUG] Event List: Core.SettingsChanged
[2026-03-29T14:57:12.726Z] [DEBUG] Event List: SettingsScreen.TimeSpent
[2026-03-29T14:57:12.726Z] [DEBUG] Event List: Core.SettingsChanged
[2026-03-29T14:58:12.693Z] [DEBUG] Event List: Athena.ClientUnexpectedSynchronousLoad
[2026-03-29T14:58:12.694Z] [DEBUG] Event List: PlayerContextLocationPerMinute
[2026-03-29T14:58:12.694Z] [DEBUG] Event List: FortClientSettingsRecord.SaveRequested
[2026-03-29T14:58:12.694Z] [DEBUG] Event List: Core.SettingsChanged
[2026-03-29T14:58:12.695Z] [DEBUG] Event List: SettingsScreen.TimeSpent
[2026-03-29T14:58:12.695Z] [DEBUG] Event List: SocialBlade.Close
[2026-03-29T14:58:12.696Z] [DEBUG] Event List: Core.SettingsChanged
[2026-03-29T14:58:12.697Z] [DEBUG] Event List: SettingsScreen.TimeSpent
[2026-03-29T14:59:12.700Z] [DEBUG] Event List: Athena.ClientUnexpectedSynchronousLoad
[2026-03-29T14:59:12.700Z] [DEBUG] Event List: PlayerContextLocationPerMinute
[2026-03-29T15:00:12.722Z] [DEBUG] Event List: Athena.ClientUnexpectedSynchronousLoad
[2026-03-29T15:00:12.723Z] [DEBUG] Event List: PlayerContextLocationPerMinute
[2026-03-29T15:01:12.714Z] [DEBUG] Event List: Athena.ClientUnexpectedSynchronousLoad
[2026-03-29T15:01:12.714Z] [DEBUG] Event List: PlayerContextLocationPerMinute
[2026-03-29T15:01:12.716Z] [DEBUG] Event List: Online.Party.TaskComplete
[2026-03-29T15:01:23.508Z] [DEBUG] Event List: Athena.ClientUnexpectedSynchronousLoad
[2026-03-29T15:01:23.509Z] [DEBUG] Event List: PlayerContextLocationPerMinute
[2026-03-29T15:01:23.509Z] [DEBUG] Event List: Core.EndGamePhase_ClientMetrics
[2026-03-29T15:01:35.670Z] [XMPP] An xmpp client with the displayName EU-Mad has logged out.
[2026-03-29T15:01:35.710Z] [DEBUG] Event List: QosStats_DatacenterEvent
[2026-03-29T15:01:35.711Z] [DEBUG] Event List: Core.Disconnect
[2026-03-29T15:01:35.712Z] [DEBUG] Event List: Core.EndMatchPlayerAutorunUsage
[2026-03-29T15:01:35.712Z] [DEBUG] Event List: Core.EndZone_Client
[2026-03-29T15:01:35.712Z] [DEBUG] Event List: Core.ClientPerformance
[2026-03-29T15:01:35.713Z] [DEBUG] Event List: Core.ClientPerformance
[2026-03-29T15:01:35.713Z] [DEBUG] Event List: Core.ClientPerformance
[2026-03-29T15:01:35.714Z] [DEBUG] Event List: Core.ClientPerformance
[2026-03-29T15:01:35.714Z] [DEBUG] Event List: Core.BadMatchDetected
[2026-03-29T15:01:35.714Z] [DEBUG] Event List: MapScreen.SessionInteractions
[2026-03-29T15:01:35.715Z] [DEBUG] Event List: Core.ClientLogout
[2026-03-29T15:01:36.807Z] [DEBUG] Event List: Core.GameSessionIDChanged
[2026-03-29T15:01:36.808Z] [DEBUG] Event List: Core.GameStateClassNameChanged
[2026-03-29T15:01:36.959Z] [DEBUG] Event List: Core.GameStateClassNameChanged
[2026-03-29T15:02:12.704Z] [DEBUG] Event List: Pedestal.TimeToPawnLoaded
[2026-03-29T15:02:12.705Z] [DEBUG] Event List: GameServiceHotConfigResult
[2026-03-29T15:02:12.705Z] [DEBUG] Event List: Online.TitleFile.InitComplete
[2026-03-29T15:02:12.706Z] [DEBUG] Event List: DataAssetDirectory.UpdateCheckComplete
[2026-03-29T15:02:12.706Z] [DEBUG] Event List: DataAssetDirectory.DadAssetPatchResult
[2026-03-29T15:02:12.707Z] [DEBUG] Event List: Prm.SentRequest
[2026-03-29T15:02:12.707Z] [DEBUG] Event List: Prm.SentRequest
[2026-03-29T15:02:12.707Z] [DEBUG] Event List: Prm.SentRequest
[2026-03-29T15:02:12.708Z] [DEBUG] Event List: Prm.SentRequest
[2026-03-29T15:02:12.708Z] [DEBUG] Event List: Prm.SentRequest
[2026-03-29T15:02:12.708Z] [DEBUG] Event List: Prm.SentRequest
[2026-03-29T15:02:12.708Z] [DEBUG] Event List: Prm.BackendResponse
[2026-03-29T15:02:12.709Z] [DEBUG] Event List: Prm.BackendResponse
[2026-03-29T15:02:12.709Z] [DEBUG] Event List: Prm.BackendResponse
[2026-03-29T15:02:12.709Z] [DEBUG] Event List: Prm.BackendResponse
[2026-03-29T15:02:12.709Z] [DEBUG] Event List: Core.ClientStartMatch
[2026-03-29T15:02:12.709Z] [DEBUG] Event List: Core.ClientEndMatch
[2026-03-29T15:02:12.710Z] [DEBUG] Event List: Prm.BackendResponse
[2026-03-29T15:02:12.710Z] [DEBUG] Event List: Prm.BackendResponse
[2026-03-29T15:03:04.999Z] [XMPP] An xmpp client with the displayName EU-Mad has logged in.
[2026-03-29T15:03:05.947Z] [DEBUG] Event List: GameServiceHotConfigResult
[2026-03-29T15:03:05.957Z] [DEBUG] Event List: Online.TitleFile.InitComplete
[2026-03-29T15:03:05.972Z] [DEBUG] Event List: QosStats_DatacenterEvent
[2026-03-29T15:03:05.979Z] [DEBUG] Event List: Online.UserCloud.InitComplete
[2026-03-29T15:03:05.982Z] [DEBUG] Event List: KWS.Health.UpdateKWSWithCCS
[2026-03-29T15:03:05.983Z] [DEBUG] Event List: Login.SubscriptionStatus
[2026-03-29T15:03:05.986Z] [DEBUG] Event List: MCPError
[2026-03-29T15:03:05.990Z] [DEBUG] Event List: Social.RestoreParty
[2026-03-29T15:03:05.996Z] [DEBUG] Event List: Social.PartyPrivacyUpdated
[2026-03-29T15:03:06.000Z] [DEBUG] Event List: MCPError
[2026-03-29T15:03:06.002Z] [DEBUG] Event List: AutoLogin
[2026-03-29T15:03:06.005Z] [DEBUG] Event List: Core.SubGameSelect
[2026-03-29T15:03:06.017Z] [DEBUG] Event List: Social.PartyPrivacyUpdated
[2026-03-29T15:03:06.027Z] [DEBUG] Event List: Social.PartyPrivacyUpdated
[2026-03-29T15:03:06.037Z] [DEBUG] Event List: Core.GameStateClassNameChanged
[2026-03-29T15:03:12.717Z] [DEBUG] Event List: PlayerContextLocationPerMinute
[2026-03-29T15:03:12.719Z] [DEBUG] Event List: DiscoveryUI.DiscoveryMenuV2.Exited
[2026-03-29T15:03:12.719Z] [DEBUG] Event List: DiscoveryUI.DiscoveryMenuV2.DetailsPageExit
[2026-03-29T15:03:12.720Z] [DEBUG] Event List: DiscoveryUI.DiscoveryMenuV2.DetailsPageExit
[2026-03-29T15:03:12.721Z] [DEBUG] Event List: DataAssetDirectory.UpdateCheckComplete
[2026-03-29T15:03:12.721Z] [DEBUG] Event List: DataAssetDirectory.DadAssetPatchResult
[2026-03-29T15:03:12.722Z] [DEBUG] Event List: Discovery.GetDiscoverySurfaceV2Complete
[2026-03-29T15:03:12.722Z] [DEBUG] Event List: DiscoveryUI.DiscoveryMenuV2.Exited
[2026-03-29T15:03:12.723Z] [DEBUG] Event List: DiscoveryUI.DiscoveryMenuV2.Exited
[2026-03-29T15:03:12.723Z] [DEBUG] Event List: DiscoveryUI.DiscoveryMenuV2.DetailsPageExit
[2026-03-29T15:03:12.724Z] [DEBUG] Event List: DiscoveryUI.DiscoveryMenuV2.Confirmed
[2026-03-29T15:03:12.724Z] [DEBUG] Event List: DiscoveryUI.DiscoveryMenuV2.DetailsPageExit
[2026-03-29T15:03:12.725Z] [DEBUG] Event List: DiscoveryUI.DiscoveryMenuV2.Exited
[2026-03-29T15:03:12.725Z] [DEBUG] Event List: DiscoveryUI.DiscoveryMenuV2.Exited
[2026-03-29T15:03:12.726Z] [DEBUG] Event List: DiscoveryUI.DiscoveryMenuV2.DetailsPageExit
[2026-03-29T15:03:12.726Z] [DEBUG] Event List: DiscoveryUI.DiscoveryMenuV2.Confirmed
[2026-03-29T15:03:12.726Z] [DEBUG] Event List: DiscoveryUI.DiscoveryMenuV2.DetailsPageExit
[2026-03-29T15:03:12.727Z] [DEBUG] Event List: DiscoveryUI.DiscoveryMenuV2.Exited
[2026-03-29T15:03:12.727Z] [DEBUG] Event List: DiscoveryUI.DiscoveryMenuV2.DetailsPageExit
[2026-03-29T15:03:12.728Z] [DEBUG] Event List: DiscoveryUI.DiscoveryMenuV2.DetailsPageExit
[2026-03-29T15:03:12.728Z] [DEBUG] Event List: DiscoveryUI.DiscoveryMenuV2.DetailsPageExit
[2026-03-29T15:03:12.728Z] [DEBUG] Event List: DiscoveryUI.DiscoveryMenuV2.Confirmed
[2026-03-29T15:03:12.729Z] [DEBUG] Event List: DiscoveryUI.DiscoveryMenuV2.DetailsPageExit
[2026-03-29T15:03:12.729Z] [DEBUG] Event List: DiscoveryUI.DiscoveryMenuV2.Exited
[2026-03-29T15:03:12.729Z] [DEBUG] Event List: DiscoveryUI.DiscoveryMenuV2.Exited
[2026-03-29T15:03:20.803Z] [XMPP] An xmpp client with the displayName EU-Mad has logged out.
[2026-03-29T15:03:41.981Z] [DEBUG] Event List: DiscoveryUI.DiscoveryMenuV2.Exited
[2026-03-29T15:03:42.020Z] [DEBUG] Event List: PlayerContextLocationPerMinute
[2026-03-29T15:03:42.021Z] [DEBUG] Event List: Core.ClientPerformance
[2026-03-29T15:03:42.021Z] [DEBUG] Event List: Core.ClientPerformance
[2026-03-29T15:03:42.022Z] [DEBUG] Event List: Core.Disconnect
[2026-03-29T15:03:42.026Z] [DEBUG] Event List: Core.ClientLogout
[2026-03-29T15:03:53.042Z] [DEBUG] Event List: Core.FriendsList.FriendsListSize
[2026-03-29T15:03:53.050Z] [DEBUG] Event List: Online.HttpStats
[2026-03-29T15:03:53.052Z] [DEBUG] Event List: DataAssetDirectory.UpdateCheckComplete
[2026-03-29T15:03:53.362Z] [XMPP] An xmpp client with the displayName EU-Mad has logged in.
[2026-03-29T15:04:12.706Z] [DEBUG] Event List: Prm.ResponseActioned
[2026-03-29T15:04:12.729Z] [DEBUG] Event List: Prm.ResponseActioned
[2026-03-29T15:04:12.735Z] [DEBUG] Event List: Prm.ResponseActioned
[2026-03-29T15:04:12.736Z] [DEBUG] Event List: Prm.ResponseActioned
[2026-03-29T15:04:12.738Z] [DEBUG] Event List: Prm.ResponseActioned
[2026-03-29T15:04:12.739Z] [DEBUG] Event List: Prm.ResponseActioned
[2026-03-29T15:04:12.740Z] [DEBUG] Event List: VideoCDNMetrics
[2026-03-29T15:04:12.740Z] [DEBUG] Event List: VideoCDNMetrics
[2026-03-29T15:04:12.740Z] [DEBUG] Event List: VideoCDNMetrics
[2026-03-29T15:04:12.741Z] [DEBUG] Event List: FortStreamMedia.BLURL
[2026-03-29T15:04:12.741Z] [DEBUG] Event List: Core.EndGamePhase_ClientMetrics
[2026-03-29T15:04:12.741Z] [DEBUG] Event List: FortStreamMedia.BLURL
[2026-03-29T15:04:49.754Z] [DEBUG] Event List: DataAssetDirectory.DadAssetPatchResult
[2026-03-29T15:05:12.694Z] [DEBUG] Event List: Athena.ClientUnexpectedSynchronousLoad
[2026-03-29T15:05:12.695Z] [DEBUG] Event List: PlayerContextLocationPerMinute
[2026-03-29T15:05:12.696Z] [DEBUG] Event List: VideoCDNMetrics
[2026-03-29T15:05:12.697Z] [DEBUG] Event List: Core.EndGamePhase_ClientMetrics
[2026-03-29T15:06:12.704Z] [DEBUG] Event List: Athena.ClientUnexpectedSynchronousLoad
[2026-03-29T15:06:12.705Z] [DEBUG] Event List: PlayerContextLocationPerMinute
[2026-03-29T15:06:50.448Z] [DEBUG] Event List: Athena.ClientUnexpectedSynchronousLoad
[2026-03-29T15:06:50.449Z] [DEBUG] Event List: PlayerContextLocationPerMinute
[2026-03-29T15:06:50.450Z] [DEBUG] Event List: Core.EndGamePhase_ClientMetrics
[2026-03-29T15:07:02.355Z] [XMPP] An xmpp client with the displayName EU-Mad has logged out.
[2026-03-29T15:07:02.405Z] [DEBUG] Event List: QosStats_DatacenterEvent
[2026-03-29T15:07:02.405Z] [DEBUG] Event List: Core.Disconnect
[2026-03-29T15:07:02.405Z] [DEBUG] Event List: Core.EndMatchPlayerAutorunUsage
[2026-03-29T15:07:02.406Z] [DEBUG] Event List: Core.EndZone_Client
[2026-03-29T15:07:02.406Z] [DEBUG] Event List: Core.ClientPerformance
[2026-03-29T15:07:02.406Z] [DEBUG] Event List: Core.ClientPerformance
[2026-03-29T15:07:02.407Z] [DEBUG] Event List: Core.ClientPerformance
[2026-03-29T15:07:02.407Z] [DEBUG] Event List: Core.ClientPerformance
[2026-03-29T15:07:02.407Z] [DEBUG] Event List: Core.BadMatchDetected
[2026-03-29T15:07:02.407Z] [DEBUG] Event List: Core.ClientLogout
[2026-03-29T15:07:03.688Z] [DEBUG] Event List: Core.GameSessionIDChanged
[2026-03-29T15:07:03.688Z] [DEBUG] Event List: Core.GameStateClassNameChanged
[2026-03-29T15:07:03.831Z] [DEBUG] Event List: Core.GameStateClassNameChanged
[2026-03-29T15:07:12.691Z] [DEBUG] Event List: Pedestal.TimeToPawnLoaded
[2026-03-29T15:07:12.691Z] [DEBUG] Event List: GameServiceHotConfigResult
[2026-03-29T15:07:12.692Z] [DEBUG] Event List: Online.TitleFile.InitComplete
[2026-03-29T15:07:12.692Z] [DEBUG] Event List: DataAssetDirectory.UpdateCheckComplete
[2026-03-29T15:07:12.692Z] [DEBUG] Event List: DataAssetDirectory.DadAssetPatchResult
[2026-03-29T15:07:12.693Z] [DEBUG] Event List: DataAssetDirectory.UpdateCheckComplete
[2026-03-29T15:07:12.693Z] [DEBUG] Event List: DataAssetDirectory.DadAssetPatchResult
[2026-03-29T15:07:12.693Z] [DEBUG] Event List: Discovery.GetDiscoverySurfaceV2Complete
[2026-03-29T15:07:12.694Z] [DEBUG] Event List: Core.ClientStartMatch
[2026-03-29T15:07:12.694Z] [DEBUG] Event List: Core.ClientEndMatch
[2026-03-29T15:08:12.702Z] [DEBUG] Event List: DiscoveryUI.DiscoveryMenuV2.DetailsPageExit
[2026-03-29T15:08:12.703Z] [DEBUG] Event List: DiscoveryUI.DiscoveryMenuV2.Confirmed
[2026-03-29T15:08:12.703Z] [DEBUG] Event List: DiscoveryUI.DiscoveryMenuV2.DetailsPageExit
[2026-03-29T15:08:12.704Z] [DEBUG] Event List: PlayerContextLocationPerMinute
[2026-03-29T15:08:12.704Z] [DEBUG] Event List: DiscoveryUI.DiscoveryMenuV2.Exited
[2026-03-29T15:08:12.704Z] [DEBUG] Event List: DiscoveryUI.DiscoveryMenuV2.Exited
[2026-03-29T15:09:09.712Z] [XMPP] An xmpp client with the displayName [LEILOS] EVO Cris! has logged out.
[2026-03-29T15:10:04.714Z] [DEBUG] Event List: GameServiceHotConfigResult
[2026-03-29T15:10:04.715Z] [DEBUG] Event List: Online.TitleFile.InitComplete
[2026-03-29T15:10:04.715Z] [DEBUG] Event List: Online.UserCloud.InitComplete
[2026-03-29T15:10:04.715Z] [DEBUG] Event List: QosStats_DatacenterEvent
[2026-03-29T15:10:04.716Z] [DEBUG] Event List: KWS.Health.UpdateKWSWithCCS
[2026-03-29T15:10:04.716Z] [DEBUG] Event List: Login.SubscriptionStatus
[2026-03-29T15:10:04.716Z] [DEBUG] Event List: MCPError
[2026-03-29T15:10:04.717Z] [DEBUG] Event List: Social.RestoreParty
[2026-03-29T15:10:04.717Z] [DEBUG] Event List: Social.PartyPrivacyUpdated
[2026-03-29T15:10:04.717Z] [DEBUG] Event List: AutoLogin
[2026-03-29T15:10:04.717Z] [DEBUG] Event List: FortClientSettingsRecord.SaveRequested
[2026-03-29T15:10:04.718Z] [DEBUG] Event List: Core.FriendsList.FriendsListSize
[2026-03-29T15:10:04.718Z] [DEBUG] Event List: MCPError
[2026-03-29T15:10:04.718Z] [DEBUG] Event List: Core.SubGameSelect
[2026-03-29T15:10:04.718Z] [DEBUG] Event List: Social.PartyPrivacyUpdated
[2026-03-29T15:10:04.718Z] [DEBUG] Event List: Social.PartyPrivacyUpdated
[2026-03-29T15:10:04.719Z] [DEBUG] Event List: Core.GameStateClassNameChanged
[2026-03-29T15:10:05.001Z] [XMPP] An xmpp client with the displayName [LEILOS] EVO Cris! has logged in.
[2026-03-29T15:10:28.252Z] [DEBUG] Event List: Online.HttpStats
[2026-03-29T15:10:28.253Z] [DEBUG] Event List: Online.TitleFile.InitComplete
[2026-03-29T15:10:28.253Z] [DEBUG] Event List: GameServiceHotConfigResult
[2026-03-29T15:10:28.253Z] [DEBUG] Event List: DataAssetDirectory.UpdateCheckComplete
[2026-03-29T15:10:28.254Z] [DEBUG] Event List: PersistentStorageUsage
[2026-03-29T15:10:28.254Z] [DEBUG] Event List: Pedestal.TimeToPawnLoaded
[2026-03-29T15:10:28.255Z] [DEBUG] Event List: Core.ExperimentSeen
[2026-03-29T15:10:28.255Z] [DEBUG] Event List: Core.ExperimentSeen
[2026-03-29T15:10:28.255Z] [DEBUG] Event List: Core.ExperimentSeen
[2026-03-29T15:10:28.256Z] [DEBUG] Event List: DataAssetDirectory.DadAssetPatchResult
[2026-03-29T15:10:28.256Z] [DEBUG] Event List: GameClips.AppInstallCheck
[2026-03-29T15:10:28.256Z] [DEBUG] Event List: UI.LoadToLobbyReport
[2026-03-29T15:10:28.256Z] [DEBUG] Event List: DiscoveryUI.DiscoveryMenuV2.Exited
[2026-03-29T15:10:28.256Z] [DEBUG] Event List: DiscoveryUI.DiscoveryMenuV2.Exited
[2026-03-29T15:11:28.264Z] [DEBUG] Event List: PlayerContextLocationPerMinute
[2026-03-29T15:11:28.265Z] [DEBUG] Event List: DataAssetDirectory.UpdateCheckComplete
[2026-03-29T15:11:28.266Z] [DEBUG] Event List: DataAssetDirectory.DadAssetPatchResult
[2026-03-29T15:11:28.267Z] [DEBUG] Event List: Prm.SentRequest
[2026-03-29T15:11:28.267Z] [DEBUG] Event List: Prm.SentRequest
[2026-03-29T15:11:28.268Z] [DEBUG] Event List: Prm.SentRequest
[2026-03-29T15:11:28.268Z] [DEBUG] Event List: Prm.SentRequest
[2026-03-29T15:11:28.268Z] [DEBUG] Event List: Prm.SentRequest
[2026-03-29T15:11:28.268Z] [DEBUG] Event List: Prm.SentRequest
[2026-03-29T15:11:28.269Z] [DEBUG] Event List: Prm.BackendResponse
[2026-03-29T15:11:28.269Z] [DEBUG] Event List: Prm.BackendResponse
[2026-03-29T15:11:28.269Z] [DEBUG] Event List: Prm.BackendResponse
[2026-03-29T15:11:28.270Z] [DEBUG] Event List: Prm.BackendResponse
[2026-03-29T15:11:28.270Z] [DEBUG] Event List: Prm.BackendResponse
[2026-03-29T15:11:28.270Z] [DEBUG] Event List: Prm.BackendResponse
[2026-03-29T15:11:28.271Z] [DEBUG] Event List: Discovery.GetDiscoverySurfaceV2Complete
[2026-03-29T15:11:28.271Z] [DEBUG] Event List: DiscoveryUI.DiscoveryMenuV2.Favorites
[2026-03-29T15:11:28.272Z] [DEBUG] Event List: Discovery.GetDiscoverySurfaceV2Complete
[2026-03-29T15:11:28.273Z] [DEBUG] Event List: Discovery.GetDiscoverySurfaceV2Complete
[2026-03-29T15:11:28.273Z] [DEBUG] Event List: DiscoveryUI.DiscoveryMenuV2.DetailsPageExit
[2026-03-29T15:11:28.274Z] [DEBUG] Event List: DiscoveryUI.DiscoveryMenuV2.DetailsPageExit
[2026-03-29T15:11:28.274Z] [DEBUG] Event List: DiscoveryUI.DiscoveryMenuV2.Exited
[2026-03-29T15:11:28.274Z] [DEBUG] Event List: DataAssetDirectory.UpdateCheckComplete
[2026-03-29T15:11:28.275Z] [DEBUG] Event List: DataAssetDirectory.DadAssetPatchResult
[2026-03-29T15:11:28.275Z] [DEBUG] Event List: Discovery.GetDiscoverySurfaceV2Complete
[2026-03-29T15:11:28.276Z] [DEBUG] Event List: DiscoveryUI.DiscoveryMenuV2.DetailsPageExit
[2026-03-29T15:11:28.276Z] [DEBUG] Event List: DiscoveryUI.DiscoveryMenuV2.Confirmed
[2026-03-29T15:11:28.277Z] [DEBUG] Event List: DiscoveryUI.DiscoveryMenuV2.DetailsPageExit
[2026-03-29T15:11:28.277Z] [DEBUG] Event List: DiscoveryUI.DiscoveryMenuV2.Exited
[2026-03-29T15:11:28.277Z] [DEBUG] Event List: DiscoveryUI.DiscoveryMenuV2.Exited
[2026-03-29T15:11:28.278Z] [DEBUG] Event List: DiscoveryUI.DiscoveryMenuV2.DetailsPageExit
[2026-03-29T15:11:28.278Z] [DEBUG] Event List: DiscoveryUI.DiscoveryMenuV2.Confirmed
[2026-03-29T15:11:28.278Z] [DEBUG] Event List: DiscoveryUI.DiscoveryMenuV2.DetailsPageExit
[2026-03-29T15:11:28.279Z] [DEBUG] Event List: DiscoveryUI.DiscoveryMenuV2.Exited
[2026-03-29T15:12:28.240Z] [DEBUG] Event List: PlayerContextLocationPerMinute
